{"synthetic": false,
 "outputs":
 {"o": ["593275750938413674"],
  "i": "14300758763198944880",
  "c": "14272142082921189978"},
 "log":
 [{"message":
   ".> LEAN_PATH=/Users/rotaruoana/Downloads/SMT-LIB-Parser/smt-lib-parser/.lake/build/lib/lean /Users/rotaruoana/.elan/toolchains/leanprover--lean4---v4.24.0/bin/lean /Users/rotaruoana/Downloads/SMT-LIB-Parser/smt-lib-parser/Main.lean -o /Users/rotaruoana/Downloads/SMT-LIB-Parser/smt-lib-parser/.lake/build/lib/lean/Main.olean -i /Users/rotaruoana/Downloads/SMT-LIB-Parser/smt-lib-parser/.lake/build/lib/lean/Main.ilean -c /Users/rotaruoana/Downloads/SMT-LIB-Parser/smt-lib-parser/.lake/build/ir/Main.c --setup /Users/rotaruoana/Downloads/SMT-LIB-Parser/smt-lib-parser/.lake/build/ir/Main.setup.json --json",
   "level": "trace"}],
 "inputs":
 [["Main:deps",
   [["deps",
     [["«smt-lib-parser»/«smt-lib-parser»:extraDep",
       [["@«smt-lib-parser»:extraDep", "1723"]]],
      ["imports", "1723"]]],
    ["libs",
     [["import dynlibs", "1723"],
      ["package external libraries", "1723"],
      ["module dynlibs", "1723"],
      ["module plugins", "1723"]]]]],
  ["Lean 4.24.0, commit 797c613eb9b6d4ec95db23e3e00af9ac6657f24b",
   "1165570713881806064"],
  ["/Users/rotaruoana/Downloads/SMT-LIB-Parser/smt-lib-parser/Main.lean",
   "12156564688684623844"],
  ["options", "1723"],
  ["Module.leanArgs: #[]", "1723"]],
 "depHash": "2584403229825432788"}